C51 COMPILER V9.01   MAIN                                                                  12/04/2016 21:55:34 PAGE 1   


C51 COMPILER V9.01, COMPILATION OF MODULE MAIN
OBJECT MODULE PLACED IN main.OBJ
COMPILER INVOKED BY: G:\KEIL\C51\BIN\C51.EXE main.c BROWSE DEBUG OBJECTEXTEND

line level    source

   1          #include<reg52.h>
   2          #include<intrins.h>
   3          #define uchar unsigned char 
   4          #define uint unsigned int 
   5          #define ulong unsigned long
   6          #define LCD1602_DATAPINS P0 
   7          uchar code table[]="welcome to use!";
   8          uchar code table1[]="shiwu=   .    g"; 
   9          long HX711_Buffer,HX711_Buffer0,Weight_Maopi, Weight_Shiwu;
  10          //1602IO口定义
  11          sbit LCD1602_E=P2^7; //1602使能信号
  12          sbit LCD1602_RW=P2^5;//1602读写选择端
  13          sbit LCD1602_RS=P2^6;//1602数据 命令选择端
  14          
  15          //HX711  
  16          sbit DT=P3^7;
  17          sbit SCK=P3^6;                 
  18          void Get_Maopi();
  19          void Get_Weight();
  20          //延时函数
  21          void Lcd1602_Delay1ms(uint ms) 
  22          {  
  23   1      uchar a ;
  24   1              while(ms--)
  25   1              {
  26   2                  for(a=0;a<120;a++);
  27   2              } 
  28   1      }
  29          //1602写命令  
  30          
  31          void LcdWriteCom(uchar com)       //写入命令
  32          {
  33   1              LCD1602_E = 0;     //使能
  34   1              LCD1602_RS = 0;    //选择发送命令
  35   1              LCD1602_RW = 0;    //选择写入
  36   1              
  37   1              LCD1602_DATAPINS = com;     //放入命令
  38   1              Lcd1602_Delay1ms(1);            //等待数据稳定
  39   1      
  40   1              LCD1602_E = 1;            //写入时序
  41   1              Lcd1602_Delay1ms(5);      //保持时间
  42   1              LCD1602_E = 0;
  43   1      }
  44          //1602写数据
  45          void LcdWriteData(uchar dat)                    //写入数据
  46          {
  47   1              LCD1602_E = 0;  //使能清零
  48   1              LCD1602_RS = 1; //选择输入数据
  49   1              LCD1602_RW = 0; //选择写入
  50   1      
  51   1              LCD1602_DATAPINS = dat; //写入数据
  52   1              Lcd1602_Delay1ms(1);
  53   1      
  54   1              LCD1602_E = 1;   //写入时序
  55   1              Lcd1602_Delay1ms(5);   //保持时间
C51 COMPILER V9.01   MAIN                                                                  12/04/2016 21:55:34 PAGE 2   

  56   1              LCD1602_E = 0;
  57   1      }
  58          //1602初始化
  59          void init_1602()//初始化
  60          {
  61   1      uchar y,z;   
  62   1              LCD1602_E = 0; 
  63   1              LCD1602_RW = 0;
  64   1          LcdWriteCom(0x38);  //开显示
  65   1              LcdWriteCom(0x0c);  //开显示不显示光标
  66   1              LcdWriteCom(0x06);  //写一个指针加1
  67   1              LcdWriteCom(0x01);  //清屏
  68   1          LcdWriteCom(0x80);  //设置数据指针起点
  69   1               for(y=0;y<15;y++)
  70   1               {
  71   2               LcdWriteData(table[y]);
  72   2               }
  73   1        LcdWriteCom(0x80+0x40);
  74   1        for(z=0;z<15;z++)
  75   1               {
  76   2               LcdWriteData(table1[z]);
  77   2               }
  78   1      }
  79          
  80          
  81          
  82          //HX711函数 
  83          void Delayus()
  84          {  
  85   1      _nop_();
  86   1      _nop_();
  87   1      }
  88          
  89          //通道A增益为128的函数
  90          ulong getdate()
  91          {
  92   1      ulong count;
  93   1      uchar i; 
  94   1      count=0;
  95   1      DT=1;
  96   1      Delayus();
  97   1      SCK=0;
  98   1      while(DT); 
  99   1              for(i=0;i<24;i++)
 100   1              {
 101   2                      SCK=1;
 102   2                      count=count<<1;
 103   2                      SCK=0;
 104   2                      if(DT)
 105   2                      count++;
 106   2              }
 107   1      SCK=1;
 108   1      count=count^0x800000;
 109   1      SCK=0;
 110   1      DT=1; 
 111   1      return(count);
 112   1      }
 113          
 114          
 115          void Get_Maopi()
 116          {  
 117   1      HX711_Buffer0 =getdate();  
C51 COMPILER V9.01   MAIN                                                                  12/04/2016 21:55:34 PAGE 3   

 118   1      } 
 119          
 120          
 121          void Get_Weight() 
 122          {   
 123   1      HX711_Buffer =getdate();  
 124   1              if(HX711_Buffer >= HX711_Buffer0)  
 125   1              {  
 126   2              Weight_Shiwu = HX711_Buffer; 
 127   2              Weight_Shiwu = Weight_Shiwu - HX711_Buffer0;  
 128   2              Weight_Shiwu = (unsigned long)((float)Weight_Shiwu/1530);
 129   2              }
 130   1         
 131   1      }
 132          //HX711处理函数
 133          void gsbq()
 134          {
 135   1      uchar ge,shi,bai,qian;
 136   1      qian=Weight_Shiwu/1000;
 137   1      bai=Weight_Shiwu%1000/100; 
 138   1      shi=Weight_Shiwu%100/10        ;
 139   1      ge=Weight_Shiwu%10;
 140   1       LcdWriteCom(0x80+0x40+7);
 141   1      LcdWriteData(0x30+qian);
 142   1      LcdWriteData(0x30+bai);
 143   1      LcdWriteData('.');
 144   1      LcdWriteData(0x30+shi);
 145   1      LcdWriteData(0x30+ge);
 146   1      }
 147          //主函数
 148                  void main()
 149                  {
 150   1              init_1602();//初始化
 151   1              getdate();
 152   1              Get_Maopi();
 153   1                      while(1)
 154   1                      {
 155   2                      getdate();
 156   2                      Get_Weight(); 
 157   2                      gsbq();
 158   2                      }
 159   1              }


MODULE INFORMATION:   STATIC OVERLAYABLE
   CODE SIZE        =    473    ----
   CONSTANT SIZE    =     32    ----
   XDATA SIZE       =   ----    ----
   PDATA SIZE       =   ----    ----
   DATA SIZE        =     16       3
   IDATA SIZE       =   ----    ----
   BIT SIZE         =   ----    ----
END OF MODULE INFORMATION.


C51 COMPILATION COMPLETE.  0 WARNING(S),  0 ERROR(S)
